<?xml version="1.0" encoding="UTF-8"?>
<!-- Generated by org.testng.reporters.JUnitReportReporter -->
<testsuite skipped="0" hostname="Jayashrees-MacBook-Air.local" name="jayashreeautomation1.ExtentReports2Maven.AppTest" tests="1" failures="0" timestamp="2020-11-07T22:43:34 IST" time="0.016" errors="0">
  <testcase name="shouldAnswerWithTrue" time="0.016" classname="jayashreeautomation1.ExtentReports2Maven.AppTest"/>
  <system-out/>
</testsuite> <!-- jayashreeautomation1.ExtentReports2Maven.AppTest -->
