<?xml version="1.0" encoding="UTF-8"?>
<!-- Generated by org.testng.reporters.JUnitReportReporter -->
<testsuite skipped="0" hostname="Jayashrees-MacBook-Air.local" name="jayashreeautomation1.ExtentReports2Maven.ExtentReportDemo" tests="1" failures="0" timestamp="2020-11-07T23:45:03 IST" time="9.798" errors="0">
  <testcase name="initialDemo" time="9.798" classname="jayashreeautomation1.ExtentReports2Maven.ExtentReportDemo"/>
  <system-out/>
</testsuite> <!-- jayashreeautomation1.ExtentReports2Maven.ExtentReportDemo -->
